# JRE version: OpenJDK Runtime Environment (8.0_202-b03) (build 1.8.0_202-release-1483-b03)
# Java VM: OpenJDK 64-Bit Server VM (25.202-b03 mixed mode windows-amd64 compressed oops)
Heap:
 PSYoungGen      total 598528K, used 598503K [0x00000000d5580000, 0x0000000100000000, 0x0000000100000000)
  eden space 512000K, 100% used [0x00000000d5580000,0x00000000f4980000,0x00000000f4980000)
  from space 86528K, 99% used [0x00000000f4980000,0x00000000f9df9f00,0x00000000f9e00000)
  to   space 100352K, 71% used [0x00000000f9e00000,0x00000000fe4624d8,0x0000000100000000)
 ParOldGen       total 564224K, used 385508K [0x0000000080000000, 0x00000000a2700000, 0x00000000d5580000)
  object space 564224K, 68% used [0x0000000080000000,0x0000000097879290,0x00000000a2700000)
 Metaspace       used 109592K, capacity 116134K, committed 116440K, reserved 1150976K
  class space    used 13598K, capacity 14789K, committed 14848K, reserved 1048576K
GC Heap History (10 events):
Event: 4558.889 GC heap after
Heap after GC invocations=109 (full 10):
 PSYoungGen      total 574976K, used 0K [0x00000000d5580000, 0x0000000100000000, 0x0000000100000000)
  eden space 471552K, 0% used [0x00000000d5580000,0x00000000d5580000,0x00000000f2200000)
  from space 103424K, 0% used [0x00000000f2200000,0x00000000f2200000,0x00000000f8700000)
  to   space 100864K, 0% used [0x00000000f9d80000,0x00000000f9d80000,0x0000000100000000)
 ParOldGen       total 564224K, used 259011K [0x0000000080000000, 0x00000000a2700000, 0x00000000d5580000)
  object space 564224K, 45% used [0x0000000080000000,0x000000008fcf0db8,0x00000000a2700000)
 Metaspace       used 107866K, capacity 114320K, committed 114648K, reserved 1148928K
  class space    used 13367K, capacity 14532K, committed 14592K, reserved 1048576K
}
Event: 4559.234 GC heap before
{Heap before GC invocations=110 (full 10):
 PSYoungGen      total 574976K, used 471552K [0x00000000d5580000, 0x0000000100000000, 0x0000000100000000)
  eden space 471552K, 100% used [0x00000000d5580000,0x00000000f2200000,0x00000000f2200000)
  from space 103424K, 0% used [0x00000000f2200000,0x00000000f2200000,0x00000000f8700000)
  to   space 100864K, 0% used [0x00000000f9d80000,0x00000000f9d80000,0x0000000100000000)
 ParOldGen       total 564224K, used 259011K [0x0000000080000000, 0x00000000a2700000, 0x00000000d5580000)
  object space 564224K, 45% used [0x0000000080000000,0x000000008fcf0db8,0x00000000a2700000)
 Metaspace       used 107873K, capacity 114320K, committed 114648K, reserved 1148928K
  class space    used 13367K, capacity 14532K, committed 14592K, reserved 1048576K
Event: 4559.247 GC heap after
Heap after GC invocations=110 (full 10):
 PSYoungGen      total 581632K, used 21408K [0x00000000d5580000, 0x00000000ff280000, 0x0000000100000000)
  eden space 494592K, 0% used [0x00000000d5580000,0x00000000d5580000,0x00000000f3880000)
  from space 87040K, 24% used [0x00000000f9d80000,0x00000000fb2680e0,0x00000000ff280000)
  to   space 95232K, 0% used [0x00000000f3880000,0x00000000f3880000,0x00000000f9580000)
 ParOldGen       total 564224K, used 259011K [0x0000000080000000, 0x00000000a2700000, 0x00000000d5580000)
  object space 564224K, 45% used [0x0000000080000000,0x000000008fcf0db8,0x00000000a2700000)
 Metaspace       used 107873K, capacity 114320K, committed 114648K, reserved 1148928K
  class space    used 13367K, capacity 14532K, committed 14592K, reserved 1048576K
}
Event: 4559.900 GC heap before
{Heap before GC invocations=111 (full 10):
 PSYoungGen      total 581632K, used 515998K [0x00000000d5580000, 0x00000000ff280000, 0x0000000100000000)
  eden space 494592K, 99% used [0x00000000d5580000,0x00000000f387f9c0,0x00000000f3880000)
  from space 87040K, 24% used [0x00000000f9d80000,0x00000000fb2680e0,0x00000000ff280000)
  to   space 95232K, 0% used [0x00000000f3880000,0x00000000f3880000,0x00000000f9580000)
 ParOldGen       total 564224K, used 259011K [0x0000000080000000, 0x00000000a2700000, 0x00000000d5580000)
  object space 564224K, 45% used [0x0000000080000000,0x000000008fcf0db8,0x00000000a2700000)
 Metaspace       used 107893K, capacity 114392K, committed 114648K, reserved 1148928K
  class space    used 13367K, capacity 14532K, committed 14592K, reserved 1048576K
Event: 4559.918 GC heap after
Heap after GC invocations=111 (full 10):
 PSYoungGen      total 589824K, used 13616K [0x00000000d5580000, 0x0000000100000000, 0x0000000100000000)
  eden space 494592K, 0% used [0x00000000d5580000,0x00000000d5580000,0x00000000f3880000)
  from space 95232K, 14% used [0x00000000f3880000,0x00000000f45cc040,0x00000000f9580000)
  to   space 91648K, 0% used [0x00000000fa680000,0x00000000fa680000,0x0000000100000000)
 ParOldGen       total 564224K, used 279513K [0x0000000080000000, 0x00000000a2700000, 0x00000000d5580000)
  object space 564224K, 49% used [0x0000000080000000,0x00000000910f6598,0x00000000a2700000)
 Metaspace       used 107893K, capacity 114392K, committed 114648K, reserved 1148928K
  class space    used 13367K, capacity 14532K, committed 14592K, reserved 1048576K
}
Event: 4561.740 GC heap before
{Heap before GC invocations=112 (full 10):
 PSYoungGen      total 589824K, used 508208K [0x00000000d5580000, 0x0000000100000000, 0x0000000100000000)
  eden space 494592K, 100% used [0x00000000d5580000,0x00000000f3880000,0x00000000f3880000)
  from space 95232K, 14% used [0x00000000f3880000,0x00000000f45cc040,0x00000000f9580000)
  to   space 91648K, 0% used [0x00000000fa680000,0x00000000fa680000,0x0000000100000000)
 ParOldGen       total 564224K, used 279513K [0x0000000080000000, 0x00000000a2700000, 0x00000000d5580000)
  object space 564224K, 49% used [0x0000000080000000,0x00000000910f6598,0x00000000a2700000)
 Metaspace       used 107922K, capacity 114408K, committed 114648K, reserved 1148928K
  class space    used 13367K, capacity 14532K, committed 14592K, reserved 1048576K
Event: 4561.756 GC heap after
Heap after GC invocations=112 (full 10):
 PSYoungGen      total 589824K, used 23449K [0x00000000d5580000, 0x00000000ff280000, 0x0000000100000000)
  eden space 512000K, 0% used [0x00000000d5580000,0x00000000d5580000,0x00000000f4980000)
  from space 77824K, 30% used [0x00000000fa680000,0x00000000fbd665c0,0x00000000ff280000)
  to   space 86528K, 0% used [0x00000000f4980000,0x00000000f4980000,0x00000000f9e00000)
 ParOldGen       total 564224K, used 284628K [0x0000000080000000, 0x00000000a2700000, 0x00000000d5580000)
  object space 564224K, 50% used [0x0000000080000000,0x00000000915f5110,0x00000000a2700000)
 Metaspace       used 107922K, capacity 114408K, committed 114648K, reserved 1148928K
  class space    used 13367K, capacity 14532K, committed 14592K, reserved 1048576K
}
Event: 4564.463 GC heap before
{Heap before GC invocations=113 (full 10):
 PSYoungGen      total 589824K, used 535449K [0x00000000d5580000, 0x00000000ff280000, 0x0000000100000000)
  eden space 512000K, 100% used [0x00000000d5580000,0x00000000f4980000,0x00000000f4980000)
  from space 77824K, 30% used [0x00000000fa680000,0x00000000fbd665c0,0x00000000ff280000)
  to   space 86528K, 0% used [0x00000000f4980000,0x00000000f4980000,0x00000000f9e00000)
 ParOldGen       total 564224K, used 284628K [0x0000000080000000, 0x00000000a2700000, 0x00000000d5580000)
  object space 564224K, 50% used [0x0000000080000000,0x00000000915f5110,0x00000000a2700000)
 Metaspace       used 107941K, capacity 114426K, committed 114648K, reserved 1148928K
  class space    used 13368K, capacity 14533K, committed 14592K, reserved 1048576K
Event: 4564.566 GC heap after
Heap after GC invocations=113 (full 10):
 PSYoungGen      total 598528K, used 86503K [0x00000000d5580000, 0x0000000100000000, 0x0000000100000000)
  eden space 512000K, 0% used [0x00000000d5580000,0x00000000d5580000,0x00000000f4980000)
  from space 86528K, 99% used [0x00000000f4980000,0x00000000f9df9f00,0x00000000f9e00000)
  to   space 100352K, 0% used [0x00000000f9e00000,0x00000000f9e00000,0x0000000100000000)
 ParOldGen       total 564224K, used 344913K [0x0000000080000000, 0x00000000a2700000, 0x00000000d5580000)
  object space 564224K, 61% used [0x0000000080000000,0x00000000950d44b8,0x00000000a2700000)
 Metaspace       used 107941K, capacity 114426K, committed 114648K, reserved 1148928K
  class space    used 13368K, capacity 14533K, committed 14592K, reserved 1048576K
}
Event: 4594.248 GC heap before
{Heap before GC invocations=114 (full 10):
 PSYoungGen      total 598528K, used 598503K [0x00000000d5580000, 0x0000000100000000, 0x0000000100000000)
  eden space 512000K, 100% used [0x00000000d5580000,0x00000000f4980000,0x00000000f4980000)
  from space 86528K, 99% used [0x00000000f4980000,0x00000000f9df9f00,0x00000000f9e00000)
  to   space 100352K, 0% used [0x00000000f9e00000,0x00000000f9e00000,0x0000000100000000)
 ParOldGen       total 564224K, used 344913K [0x0000000080000000, 0x00000000a2700000, 0x00000000d5580000)
  object space 564224K, 61% used [0x0000000080000000,0x00000000950d44b8,0x00000000a2700000)
 Metaspace       used 109592K, capacity 116134K, committed 116440K, reserved 1150976K
  class space    used 13598K, capacity 14789K, committed 14848K, reserved 1048576K

