# JRE version: OpenJDK Runtime Environment (8.0_202-b03) (build 1.8.0_202-release-1483-b03)
# Java VM: OpenJDK 64-Bit Server VM (25.202-b03 mixed mode windows-amd64 compressed oops)
Heap:
 PSYoungGen      total 546304K, used 89781K [0x00000000d5580000, 0x0000000100000000, 0x0000000100000000)
  eden space 409088K, 0% used [0x00000000d5580000,0x00000000d5580000,0x00000000ee500000)
  from space 137216K, 65% used [0x00000000f7a00000,0x00000000fd1ad740,0x0000000100000000)
  to   space 144896K, 0% used [0x00000000ee500000,0x00000000ee500000,0x00000000f7280000)
 ParOldGen       total 803840K, used 736964K [0x0000000080000000, 0x00000000b1100000, 0x00000000d5580000)
  object space 803840K, 91% used [0x0000000080000000,0x00000000acfb13e8,0x00000000b1100000)
 Metaspace       used 113870K, capacity 121898K, committed 122560K, reserved 1157120K
  class space    used 14175K, capacity 15623K, committed 15808K, reserved 1048576K
GC Heap History (10 events):
Event: 5081.666 GC heap after
Heap after GC invocations=151 (full 11):
 PSYoungGen      total 615424K, used 12422K [0x00000000d5580000, 0x00000000ff480000, 0x0000000100000000)
  eden space 542720K, 0% used [0x00000000d5580000,0x00000000d5580000,0x00000000f6780000)
  from space 72704K, 17% used [0x00000000fad80000,0x00000000fb9a1a30,0x00000000ff480000)
  to   space 71680K, 0% used [0x00000000f6780000,0x00000000f6780000,0x00000000fad80000)
 ParOldGen       total 803840K, used 584826K [0x0000000080000000, 0x00000000b1100000, 0x00000000d5580000)
  object space 803840K, 72% used [0x0000000080000000,0x00000000a3b1e818,0x00000000b1100000)
 Metaspace       used 113700K, capacity 121578K, committed 122304K, reserved 1155072K
  class space    used 14155K, capacity 15569K, committed 15808K, reserved 1048576K
}
Event: 5082.635 GC heap before
{Heap before GC invocations=152 (full 11):
 PSYoungGen      total 615424K, used 555142K [0x00000000d5580000, 0x00000000ff480000, 0x0000000100000000)
  eden space 542720K, 100% used [0x00000000d5580000,0x00000000f6780000,0x00000000f6780000)
  from space 72704K, 17% used [0x00000000fad80000,0x00000000fb9a1a30,0x00000000ff480000)
  to   space 71680K, 0% used [0x00000000f6780000,0x00000000f6780000,0x00000000fad80000)
 ParOldGen       total 803840K, used 584826K [0x0000000080000000, 0x00000000b1100000, 0x00000000d5580000)
  object space 803840K, 72% used [0x0000000080000000,0x00000000a3b1e818,0x00000000b1100000)
 Metaspace       used 113726K, capacity 121656K, committed 122304K, reserved 1155072K
  class space    used 14162K, capacity 15582K, committed 15808K, reserved 1048576K
Event: 5082.710 GC heap after
Heap after GC invocations=152 (full 11):
 PSYoungGen      total 614400K, used 68602K [0x00000000d5580000, 0x0000000100000000, 0x0000000100000000)
  eden space 542720K, 0% used [0x00000000d5580000,0x00000000d5580000,0x00000000f6780000)
  from space 71680K, 95% used [0x00000000f6780000,0x00000000faa7e830,0x00000000fad80000)
  to   space 84480K, 0% used [0x00000000fad80000,0x00000000fad80000,0x0000000100000000)
 ParOldGen       total 803840K, used 585468K [0x0000000080000000, 0x00000000b1100000, 0x00000000d5580000)
  object space 803840K, 72% used [0x0000000080000000,0x00000000a3bbf230,0x00000000b1100000)
 Metaspace       used 113726K, capacity 121656K, committed 122304K, reserved 1155072K
  class space    used 14162K, capacity 15582K, committed 15808K, reserved 1048576K
}
Event: 5083.835 GC heap before
{Heap before GC invocations=153 (full 11):
 PSYoungGen      total 614400K, used 611322K [0x00000000d5580000, 0x0000000100000000, 0x0000000100000000)
  eden space 542720K, 100% used [0x00000000d5580000,0x00000000f6780000,0x00000000f6780000)
  from space 71680K, 95% used [0x00000000f6780000,0x00000000faa7e830,0x00000000fad80000)
  to   space 84480K, 0% used [0x00000000fad80000,0x00000000fad80000,0x0000000100000000)
 ParOldGen       total 803840K, used 585468K [0x0000000080000000, 0x00000000b1100000, 0x00000000d5580000)
  object space 803840K, 72% used [0x0000000080000000,0x00000000a3bbf230,0x00000000b1100000)
 Metaspace       used 113761K, capacity 121656K, committed 122304K, reserved 1155072K
  class space    used 14162K, capacity 15582K, committed 15808K, reserved 1048576K
Event: 5084.109 GC heap after
Heap after GC invocations=153 (full 11):
 PSYoungGen      total 537600K, used 84477K [0x00000000d5580000, 0x0000000100000000, 0x0000000100000000)
  eden space 453120K, 0% used [0x00000000d5580000,0x00000000d5580000,0x00000000f1000000)
  from space 84480K, 99% used [0x00000000fad80000,0x00000000fffff6a0,0x0000000100000000)
  to   space 122880K, 0% used [0x00000000f1000000,0x00000000f1000000,0x00000000f8800000)
 ParOldGen       total 803840K, used 646064K [0x0000000080000000, 0x00000000b1100000, 0x00000000d5580000)
  object space 803840K, 80% used [0x0000000080000000,0x00000000a76ec138,0x00000000b1100000)
 Metaspace       used 113761K, capacity 121656K, committed 122304K, reserved 1155072K
  class space    used 14162K, capacity 15582K, committed 15808K, reserved 1048576K
}
Event: 5090.121 GC heap before
{Heap before GC invocations=154 (full 11):
 PSYoungGen      total 537600K, used 537597K [0x00000000d5580000, 0x0000000100000000, 0x0000000100000000)
  eden space 453120K, 100% used [0x00000000d5580000,0x00000000f1000000,0x00000000f1000000)
  from space 84480K, 99% used [0x00000000fad80000,0x00000000fffff6a0,0x0000000100000000)
  to   space 122880K, 0% used [0x00000000f1000000,0x00000000f1000000,0x00000000f8800000)
 ParOldGen       total 803840K, used 646064K [0x0000000080000000, 0x00000000b1100000, 0x00000000d5580000)
  object space 803840K, 80% used [0x0000000080000000,0x00000000a76ec138,0x00000000b1100000)
 Metaspace       used 113858K, capacity 121898K, committed 122560K, reserved 1157120K
  class space    used 14175K, capacity 15623K, committed 15808K, reserved 1048576K
Event: 5090.195 GC heap after
Heap after GC invocations=154 (full 11):
 PSYoungGen      total 551936K, used 98774K [0x00000000d5580000, 0x0000000100000000, 0x0000000100000000)
  eden space 453120K, 0% used [0x00000000d5580000,0x00000000d5580000,0x00000000f1000000)
  from space 98816K, 99% used [0x00000000f1000000,0x00000000f70759a8,0x00000000f7080000)
  to   space 137216K, 0% used [0x00000000f7a00000,0x00000000f7a00000,0x0000000100000000)
 ParOldGen       total 803840K, used 652430K [0x0000000080000000, 0x00000000b1100000, 0x00000000d5580000)
  object space 803840K, 81% used [0x0000000080000000,0x00000000a7d23bf8,0x00000000b1100000)
 Metaspace       used 113858K, capacity 121898K, committed 122560K, reserved 1157120K
  class space    used 14175K, capacity 15623K, committed 15808K, reserved 1048576K
}
Event: 5091.704 GC heap before
{Heap before GC invocations=155 (full 11):
 PSYoungGen      total 551936K, used 551894K [0x00000000d5580000, 0x0000000100000000, 0x0000000100000000)
  eden space 453120K, 100% used [0x00000000d5580000,0x00000000f1000000,0x00000000f1000000)
  from space 98816K, 99% used [0x00000000f1000000,0x00000000f70759a8,0x00000000f7080000)
  to   space 137216K, 0% used [0x00000000f7a00000,0x00000000f7a00000,0x0000000100000000)
 ParOldGen       total 803840K, used 652430K [0x0000000080000000, 0x00000000b1100000, 0x00000000d5580000)
  object space 803840K, 81% used [0x0000000080000000,0x00000000a7d23bf8,0x00000000b1100000)
 Metaspace       used 113870K, capacity 121898K, committed 122560K, reserved 1157120K
  class space    used 14175K, capacity 15623K, committed 15808K, reserved 1048576K
Event: 5091.938 GC heap after
Heap after GC invocations=155 (full 11):
 PSYoungGen      total 546304K, used 89781K [0x00000000d5580000, 0x0000000100000000, 0x0000000100000000)
  eden space 409088K, 0% used [0x00000000d5580000,0x00000000d5580000,0x00000000ee500000)
  from space 137216K, 65% used [0x00000000f7a00000,0x00000000fd1ad740,0x0000000100000000)
  to   space 144896K, 0% used [0x00000000ee500000,0x00000000ee500000,0x00000000f7280000)
 ParOldGen       total 803840K, used 736964K [0x0000000080000000, 0x00000000b1100000, 0x00000000d5580000)
  object space 803840K, 91% used [0x0000000080000000,0x00000000acfb13e8,0x00000000b1100000)
 Metaspace       used 113870K, capacity 121898K, committed 122560K, reserved 1157120K
  class space    used 14175K, capacity 15623K, committed 15808K, reserved 1048576K
}
Event: 5091.950 GC heap before
{Heap before GC invocations=156 (full 12):
 PSYoungGen      total 546304K, used 89781K [0x00000000d5580000, 0x0000000100000000, 0x0000000100000000)
  eden space 409088K, 0% used [0x00000000d5580000,0x00000000d5580000,0x00000000ee500000)
  from space 137216K, 65% used [0x00000000f7a00000,0x00000000fd1ad740,0x0000000100000000)
  to   space 144896K, 0% used [0x00000000ee500000,0x00000000ee500000,0x00000000f7280000)
 ParOldGen       total 803840K, used 736964K [0x0000000080000000, 0x00000000b1100000, 0x00000000d5580000)
  object space 803840K, 91% used [0x0000000080000000,0x00000000acfb13e8,0x00000000b1100000)
 Metaspace       used 113870K, capacity 121898K, committed 122560K, reserved 1157120K
  class space    used 14175K, capacity 15623K, committed 15808K, reserved 1048576K

