# JRE version: OpenJDK Runtime Environment (8.0_202-b03) (build 1.8.0_202-release-1483-b03)
# Java VM: OpenJDK 64-Bit Server VM (25.202-b03 mixed mode windows-amd64 compressed oops)
Heap:
 PSYoungGen      total 614400K, used 254469K [0x00000000d5580000, 0x00000000ff680000, 0x0000000100000000)
  eden space 552960K, 42% used [0x00000000d5580000,0x00000000e3c99500,0x00000000f7180000)
  from space 61440K, 29% used [0x00000000fba80000,0x00000000fcbe80b0,0x00000000ff680000)
  to   space 68096K, 0% used [0x00000000f7180000,0x00000000f7180000,0x00000000fb400000)
 ParOldGen       total 309248K, used 156120K [0x0000000080000000, 0x0000000092e00000, 0x00000000d5580000)
  object space 309248K, 50% used [0x0000000080000000,0x0000000089876268,0x0000000092e00000)
 Metaspace       used 92581K, capacity 96490K, committed 97624K, reserved 1134592K
  class space    used 11784K, capacity 12671K, committed 12928K, reserved 1048576K
GC Heap History (10 events):
Event: 517.090 GC heap before
{Heap before GC invocations=39 (full 5):
 PSYoungGen      total 663040K, used 630272K [0x00000000d5580000, 0x00000000ffc80000, 0x0000000100000000)
  eden space 630272K, 100% used [0x00000000d5580000,0x00000000fbd00000,0x00000000fbd00000)
  from space 32768K, 0% used [0x00000000fdc00000,0x00000000fdc00000,0x00000000ffc00000)
  to   space 31744K, 0% used [0x00000000fbd00000,0x00000000fbd00000,0x00000000fdc00000)
 ParOldGen       total 335872K, used 203097K [0x0000000080000000, 0x0000000094800000, 0x00000000d5580000)
  object space 335872K, 60% used [0x0000000080000000,0x000000008c656518,0x0000000094800000)
 Metaspace       used 91969K, capacity 95866K, committed 96984K, reserved 1134592K
  class space    used 11696K, capacity 12583K, committed 12800K, reserved 1048576K
Event: 517.145 GC heap after
Heap after GC invocations=39 (full 5):
 PSYoungGen      total 662016K, used 31736K [0x00000000d5580000, 0x0000000100000000, 0x0000000100000000)
  eden space 630272K, 0% used [0x00000000d5580000,0x00000000d5580000,0x00000000fbd00000)
  from space 31744K, 99% used [0x00000000fbd00000,0x00000000fdbfe1e8,0x00000000fdc00000)
  to   space 36864K, 0% used [0x00000000fdc00000,0x00000000fdc00000,0x0000000100000000)
 ParOldGen       total 335872K, used 272920K [0x0000000080000000, 0x0000000094800000, 0x00000000d5580000)
  object space 335872K, 81% used [0x0000000080000000,0x0000000090a86048,0x0000000094800000)
 Metaspace       used 91969K, capacity 95866K, committed 96984K, reserved 1134592K
  class space    used 11696K, capacity 12583K, committed 12800K, reserved 1048576K
}
Event: 525.631 GC heap before
{Heap before GC invocations=40 (full 5):
 PSYoungGen      total 662016K, used 662008K [0x00000000d5580000, 0x0000000100000000, 0x0000000100000000)
  eden space 630272K, 100% used [0x00000000d5580000,0x00000000fbd00000,0x00000000fbd00000)
  from space 31744K, 99% used [0x00000000fbd00000,0x00000000fdbfe1e8,0x00000000fdc00000)
  to   space 36864K, 0% used [0x00000000fdc00000,0x00000000fdc00000,0x0000000100000000)
 ParOldGen       total 335872K, used 272920K [0x0000000080000000, 0x0000000094800000, 0x00000000d5580000)
  object space 335872K, 81% used [0x0000000080000000,0x0000000090a86048,0x0000000094800000)
 Metaspace       used 92513K, capacity 96576K, committed 97624K, reserved 1134592K
  class space    used 11785K, capacity 12704K, committed 12928K, reserved 1048576K
Event: 525.698 GC heap after
Heap after GC invocations=40 (full 5):
 PSYoungGen      total 586240K, used 36838K [0x00000000d5580000, 0x0000000100000000, 0x0000000100000000)
  eden space 549376K, 0% used [0x00000000d5580000,0x00000000d5580000,0x00000000f6e00000)
  from space 36864K, 99% used [0x00000000fdc00000,0x00000000ffff9ac8,0x0000000100000000)
  to   space 74752K, 0% used [0x00000000f6e00000,0x00000000f6e00000,0x00000000fb700000)
 ParOldGen       total 335872K, used 301370K [0x0000000080000000, 0x0000000094800000, 0x00000000d5580000)
  object space 335872K, 89% used [0x0000000080000000,0x000000009264ea20,0x0000000094800000)
 Metaspace       used 92513K, capacity 96576K, committed 97624K, reserved 1134592K
  class space    used 11785K, capacity 12704K, committed 12928K, reserved 1048576K
}
Event: 525.698 GC heap before
{Heap before GC invocations=41 (full 6):
 PSYoungGen      total 586240K, used 36838K [0x00000000d5580000, 0x0000000100000000, 0x0000000100000000)
  eden space 549376K, 0% used [0x00000000d5580000,0x00000000d5580000,0x00000000f6e00000)
  from space 36864K, 99% used [0x00000000fdc00000,0x00000000ffff9ac8,0x0000000100000000)
  to   space 74752K, 0% used [0x00000000f6e00000,0x00000000f6e00000,0x00000000fb700000)
 ParOldGen       total 335872K, used 301370K [0x0000000080000000, 0x0000000094800000, 0x00000000d5580000)
  object space 335872K, 89% used [0x0000000080000000,0x000000009264ea20,0x0000000094800000)
 Metaspace       used 92513K, capacity 96576K, committed 97624K, reserved 1134592K
  class space    used 11785K, capacity 12704K, committed 12928K, reserved 1048576K
Event: 525.965 GC heap after
Heap after GC invocations=41 (full 6):
 PSYoungGen      total 586240K, used 0K [0x00000000d5580000, 0x0000000100000000, 0x0000000100000000)
  eden space 549376K, 0% used [0x00000000d5580000,0x00000000d5580000,0x00000000f6e00000)
  from space 36864K, 0% used [0x00000000fdc00000,0x00000000fdc00000,0x0000000100000000)
  to   space 74752K, 0% used [0x00000000f6e00000,0x00000000f6e00000,0x00000000fb700000)
 ParOldGen       total 309248K, used 138324K [0x0000000080000000, 0x0000000092e00000, 0x00000000d5580000)
  object space 309248K, 44% used [0x0000000080000000,0x0000000088715310,0x0000000092e00000)
 Metaspace       used 92404K, capacity 96350K, committed 97624K, reserved 1134592K
  class space    used 11766K, capacity 12653K, committed 12928K, reserved 1048576K
}
Event: 526.919 GC heap before
{Heap before GC invocations=42 (full 6):
 PSYoungGen      total 586240K, used 549376K [0x00000000d5580000, 0x0000000100000000, 0x0000000100000000)
  eden space 549376K, 100% used [0x00000000d5580000,0x00000000f6e00000,0x00000000f6e00000)
  from space 36864K, 0% used [0x00000000fdc00000,0x00000000fdc00000,0x0000000100000000)
  to   space 74752K, 0% used [0x00000000f6e00000,0x00000000f6e00000,0x00000000fb700000)
 ParOldGen       total 309248K, used 138324K [0x0000000080000000, 0x0000000092e00000, 0x00000000d5580000)
  object space 309248K, 44% used [0x0000000080000000,0x0000000088715310,0x0000000092e00000)
 Metaspace       used 92426K, capacity 96350K, committed 97624K, reserved 1134592K
  class space    used 11767K, capacity 12653K, committed 12928K, reserved 1048576K
Event: 526.945 GC heap after
Heap after GC invocations=42 (full 6):
 PSYoungGen      total 624128K, used 18177K [0x00000000d5580000, 0x0000000100000000, 0x0000000100000000)
  eden space 549376K, 0% used [0x00000000d5580000,0x00000000d5580000,0x00000000f6e00000)
  from space 74752K, 24% used [0x00000000f6e00000,0x00000000f7fc0570,0x00000000fb700000)
  to   space 71168K, 0% used [0x00000000fba80000,0x00000000fba80000,0x0000000100000000)
 ParOldGen       total 309248K, used 138324K [0x0000000080000000, 0x0000000092e00000, 0x00000000d5580000)
  object space 309248K, 44% used [0x0000000080000000,0x0000000088715310,0x0000000092e00000)
 Metaspace       used 92426K, capacity 96350K, committed 97624K, reserved 1134592K
  class space    used 11767K, capacity 12653K, committed 12928K, reserved 1048576K
}
Event: 528.234 GC heap before
{Heap before GC invocations=43 (full 6):
 PSYoungGen      total 624128K, used 567553K [0x00000000d5580000, 0x0000000100000000, 0x0000000100000000)
  eden space 549376K, 100% used [0x00000000d5580000,0x00000000f6e00000,0x00000000f6e00000)
  from space 74752K, 24% used [0x00000000f6e00000,0x00000000f7fc0570,0x00000000fb700000)
  to   space 71168K, 0% used [0x00000000fba80000,0x00000000fba80000,0x0000000100000000)
 ParOldGen       total 309248K, used 138324K [0x0000000080000000, 0x0000000092e00000, 0x00000000d5580000)
  object space 309248K, 44% used [0x0000000080000000,0x0000000088715310,0x0000000092e00000)
 Metaspace       used 92489K, capacity 96350K, committed 97624K, reserved 1134592K
  class space    used 11767K, capacity 12653K, committed 12928K, reserved 1048576K
Event: 528.259 GC heap after
Heap after GC invocations=43 (full 6):
 PSYoungGen      total 614400K, used 17824K [0x00000000d5580000, 0x00000000ff680000, 0x0000000100000000)
  eden space 552960K, 0% used [0x00000000d5580000,0x00000000d5580000,0x00000000f7180000)
  from space 61440K, 29% used [0x00000000fba80000,0x00000000fcbe80b0,0x00000000ff680000)
  to   space 68096K, 0% used [0x00000000f7180000,0x00000000f7180000,0x00000000fb400000)
 ParOldGen       total 309248K, used 156120K [0x0000000080000000, 0x0000000092e00000, 0x00000000d5580000)
  object space 309248K, 50% used [0x0000000080000000,0x0000000089876268,0x0000000092e00000)
 Metaspace       used 92489K, capacity 96350K, committed 97624K, reserved 1134592K
  class space    used 11767K, capacity 12653K, committed 12928K, reserved 1048576K
}

