# JRE version: OpenJDK Runtime Environment (8.0_202-b03) (build 1.8.0_202-release-1483-b03)
# Java VM: OpenJDK 64-Bit Server VM (25.202-b03 mixed mode windows-amd64 compressed oops)
Heap:
 PSYoungGen      total 574464K, used 238250K [0x00000000d5580000, 0x0000000100000000, 0x0000000100000000)
  eden space 450048K, 48% used [0x00000000d5580000,0x00000000e2b67388,0x00000000f0d00000)
  from space 124416K, 15% used [0x00000000f0d00000,0x00000000f1fc37f0,0x00000000f8680000)
  to   space 119808K, 0% used [0x00000000f8b00000,0x00000000f8b00000,0x0000000100000000)
 ParOldGen       total 349184K, used 213253K [0x0000000080000000, 0x0000000095500000, 0x00000000d5580000)
  object space 349184K, 61% used [0x0000000080000000,0x000000008d041730,0x0000000095500000)
 Metaspace       used 100996K, capacity 106474K, committed 106840K, reserved 1142784K
  class space    used 12747K, capacity 13819K, committed 13952K, reserved 1048576K
GC Heap History (10 events):
Event: 50.214 GC heap before
{Heap before GC invocations=45 (full 6):
 PSYoungGen      total 591872K, used 12832K [0x00000000d5580000, 0x0000000100000000, 0x0000000100000000)
  eden space 493568K, 0% used [0x00000000d5580000,0x00000000d5580000,0x00000000f3780000)
  from space 98304K, 13% used [0x00000000f3780000,0x00000000f4408000,0x00000000f9780000)
  to   space 95232K, 0% used [0x00000000fa300000,0x00000000fa300000,0x0000000100000000)
 ParOldGen       total 392192K, used 340856K [0x0000000080000000, 0x0000000097f00000, 0x00000000d5580000)
  object space 392192K, 86% used [0x0000000080000000,0x0000000094cde3c8,0x0000000097f00000)
 Metaspace       used 95593K, capacity 99840K, committed 100056K, reserved 1136640K
  class space    used 12015K, capacity 12950K, committed 13056K, reserved 1048576K
Event: 50.426 GC heap after
Heap after GC invocations=45 (full 6):
 PSYoungGen      total 591872K, used 0K [0x00000000d5580000, 0x0000000100000000, 0x0000000100000000)
  eden space 493568K, 0% used [0x00000000d5580000,0x00000000d5580000,0x00000000f3780000)
  from space 98304K, 0% used [0x00000000f3780000,0x00000000f3780000,0x00000000f9780000)
  to   space 95232K, 0% used [0x00000000fa300000,0x00000000fa300000,0x0000000100000000)
 ParOldGen       total 349184K, used 132645K [0x0000000080000000, 0x0000000095500000, 0x00000000d5580000)
  object space 349184K, 37% used [0x0000000080000000,0x0000000088189590,0x0000000095500000)
 Metaspace       used 95499K, capacity 99656K, committed 100056K, reserved 1136640K
  class space    used 12001K, capacity 12908K, committed 13056K, reserved 1048576K
}
Event: 51.422 GC heap before
{Heap before GC invocations=46 (full 6):
 PSYoungGen      total 591872K, used 493568K [0x00000000d5580000, 0x0000000100000000, 0x0000000100000000)
  eden space 493568K, 100% used [0x00000000d5580000,0x00000000f3780000,0x00000000f3780000)
  from space 98304K, 0% used [0x00000000f3780000,0x00000000f3780000,0x00000000f9780000)
  to   space 95232K, 0% used [0x00000000fa300000,0x00000000fa300000,0x0000000100000000)
 ParOldGen       total 349184K, used 132645K [0x0000000080000000, 0x0000000095500000, 0x00000000d5580000)
  object space 349184K, 37% used [0x0000000080000000,0x0000000088189590,0x0000000095500000)
 Metaspace       used 95803K, capacity 100068K, committed 100312K, reserved 1136640K
  class space    used 12044K, capacity 12968K, committed 13056K, reserved 1048576K
Event: 51.429 GC heap after
Heap after GC invocations=46 (full 6):
 PSYoungGen      total 592384K, used 11039K [0x00000000d5580000, 0x00000000ff800000, 0x0000000100000000)
  eden space 505344K, 0% used [0x00000000d5580000,0x00000000d5580000,0x00000000f4300000)
  from space 87040K, 12% used [0x00000000fa300000,0x00000000fadc7c88,0x00000000ff800000)
  to   space 92672K, 0% used [0x00000000f4300000,0x00000000f4300000,0x00000000f9d80000)
 ParOldGen       total 349184K, used 132653K [0x0000000080000000, 0x0000000095500000, 0x00000000d5580000)
  object space 349184K, 37% used [0x0000000080000000,0x000000008818b590,0x0000000095500000)
 Metaspace       used 95803K, capacity 100068K, committed 100312K, reserved 1136640K
  class space    used 12044K, capacity 12968K, committed 13056K, reserved 1048576K
}
Event: 53.112 GC heap before
{Heap before GC invocations=47 (full 6):
 PSYoungGen      total 592384K, used 516383K [0x00000000d5580000, 0x00000000ff800000, 0x0000000100000000)
  eden space 505344K, 100% used [0x00000000d5580000,0x00000000f4300000,0x00000000f4300000)
  from space 87040K, 12% used [0x00000000fa300000,0x00000000fadc7c88,0x00000000ff800000)
  to   space 92672K, 0% used [0x00000000f4300000,0x00000000f4300000,0x00000000f9d80000)
 ParOldGen       total 349184K, used 132653K [0x0000000080000000, 0x0000000095500000, 0x00000000d5580000)
  object space 349184K, 37% used [0x0000000080000000,0x000000008818b590,0x0000000095500000)
 Metaspace       used 96522K, capacity 100884K, committed 101208K, reserved 1136640K
  class space    used 12123K, capacity 13080K, committed 13184K, reserved 1048576K
Event: 53.217 GC heap after
Heap after GC invocations=47 (full 6):
 PSYoungGen      total 598016K, used 92669K [0x00000000d5580000, 0x0000000100000000, 0x0000000100000000)
  eden space 505344K, 0% used [0x00000000d5580000,0x00000000d5580000,0x00000000f4300000)
  from space 92672K, 99% used [0x00000000f4300000,0x00000000f9d7f608,0x00000000f9d80000)
  to   space 100864K, 0% used [0x00000000f9d80000,0x00000000f9d80000,0x0000000100000000)
 ParOldGen       total 349184K, used 195228K [0x0000000080000000, 0x0000000095500000, 0x00000000d5580000)
  object space 349184K, 55% used [0x0000000080000000,0x000000008bea7328,0x0000000095500000)
 Metaspace       used 96522K, capacity 100884K, committed 101208K, reserved 1136640K
  class space    used 12123K, capacity 13080K, committed 13184K, reserved 1048576K
}
Event: 57.164 GC heap before
{Heap before GC invocations=48 (full 6):
 PSYoungGen      total 598016K, used 598013K [0x00000000d5580000, 0x0000000100000000, 0x0000000100000000)
  eden space 505344K, 100% used [0x00000000d5580000,0x00000000f4300000,0x00000000f4300000)
  from space 92672K, 99% used [0x00000000f4300000,0x00000000f9d7f608,0x00000000f9d80000)
  to   space 100864K, 0% used [0x00000000f9d80000,0x00000000f9d80000,0x0000000100000000)
 ParOldGen       total 349184K, used 195228K [0x0000000080000000, 0x0000000095500000, 0x00000000d5580000)
  object space 349184K, 55% used [0x0000000080000000,0x000000008bea7328,0x0000000095500000)
 Metaspace       used 97354K, capacity 101908K, committed 101976K, reserved 1138688K
  class space    used 12236K, capacity 13174K, committed 13184K, reserved 1048576K
Event: 57.201 GC heap after
Heap after GC invocations=48 (full 6):
 PSYoungGen      total 550912K, used 43582K [0x00000000d5580000, 0x0000000100000000, 0x0000000100000000)
  eden space 450048K, 0% used [0x00000000d5580000,0x00000000d5580000,0x00000000f0d00000)
  from space 100864K, 43% used [0x00000000f9d80000,0x00000000fc80fa78,0x0000000100000000)
  to   space 124416K, 0% used [0x00000000f0d00000,0x00000000f0d00000,0x00000000f8680000)
 ParOldGen       total 349184K, used 208301K [0x0000000080000000, 0x0000000095500000, 0x00000000d5580000)
  object space 349184K, 59% used [0x0000000080000000,0x000000008cb6b7d0,0x0000000095500000)
 Metaspace       used 97354K, capacity 101908K, committed 101976K, reserved 1138688K
  class space    used 12236K, capacity 13174K, committed 13184K, reserved 1048576K
}
Event: 444.817 GC heap before
{Heap before GC invocations=49 (full 6):
 PSYoungGen      total 550912K, used 493630K [0x00000000d5580000, 0x0000000100000000, 0x0000000100000000)
  eden space 450048K, 100% used [0x00000000d5580000,0x00000000f0d00000,0x00000000f0d00000)
  from space 100864K, 43% used [0x00000000f9d80000,0x00000000fc80fa78,0x0000000100000000)
  to   space 124416K, 0% used [0x00000000f0d00000,0x00000000f0d00000,0x00000000f8680000)
 ParOldGen       total 349184K, used 208301K [0x0000000080000000, 0x0000000095500000, 0x00000000d5580000)
  object space 349184K, 59% used [0x0000000080000000,0x000000008cb6b7d0,0x0000000095500000)
 Metaspace       used 100182K, capacity 105174K, committed 105304K, reserved 1140736K
  class space    used 12661K, capacity 13667K, committed 13696K, reserved 1048576K
Event: 444.853 GC heap after
Heap after GC invocations=49 (full 6):
 PSYoungGen      total 574464K, used 19213K [0x00000000d5580000, 0x0000000100000000, 0x0000000100000000)
  eden space 450048K, 0% used [0x00000000d5580000,0x00000000d5580000,0x00000000f0d00000)
  from space 124416K, 15% used [0x00000000f0d00000,0x00000000f1fc37f0,0x00000000f8680000)
  to   space 119808K, 0% used [0x00000000f8b00000,0x00000000f8b00000,0x0000000100000000)
 ParOldGen       total 349184K, used 213253K [0x0000000080000000, 0x0000000095500000, 0x00000000d5580000)
  object space 349184K, 61% used [0x0000000080000000,0x000000008d041730,0x0000000095500000)
 Metaspace       used 100182K, capacity 105174K, committed 105304K, reserved 1140736K
  class space    used 12661K, capacity 13667K, committed 13696K, reserved 1048576K
}

