# JRE version: OpenJDK Runtime Environment (8.0_202-b03) (build 1.8.0_202-release-1483-b03)
# Java VM: OpenJDK 64-Bit Server VM (25.202-b03 mixed mode windows-amd64 compressed oops)
Heap:
 PSYoungGen      total 116736K, used 58727K [0x00000000f5580000, 0x0000000100000000, 0x0000000100000000)
  eden space 58880K, 99% used [0x00000000f5580000,0x00000000f8ed9f70,0x00000000f8f00000)
  from space 57856K, 0% used [0x00000000f8f00000,0x00000000f8f00000,0x00000000fc780000)
  to   space 57856K, 0% used [0x00000000fc780000,0x00000000fc780000,0x0000000100000000)
 ParOldGen       total 349696K, used 349229K [0x00000000e0000000, 0x00000000f5580000, 0x00000000f5580000)
  object space 349696K, 99% used [0x00000000e0000000,0x00000000f550b610,0x00000000f5580000)
 Metaspace       used 119888K, capacity 126530K, committed 130392K, reserved 1163264K
  class space    used 14634K, capacity 15919K, committed 16768K, reserved 1048576K
GC Heap History (10 events):
Event: 3979.069 GC heap before
{Heap before GC invocations=542 (full 113):
 PSYoungGen      total 116736K, used 58880K [0x00000000f5580000, 0x0000000100000000, 0x0000000100000000)
  eden space 58880K, 100% used [0x00000000f5580000,0x00000000f8f00000,0x00000000f8f00000)
  from space 57856K, 0% used [0x00000000f8f00000,0x00000000f8f00000,0x00000000fc780000)
  to   space 57856K, 0% used [0x00000000fc780000,0x00000000fc780000,0x0000000100000000)
 ParOldGen       total 349696K, used 349229K [0x00000000e0000000, 0x00000000f5580000, 0x00000000f5580000)
  object space 349696K, 99% used [0x00000000e0000000,0x00000000f550b728,0x00000000f5580000)
 Metaspace       used 119807K, capacity 126448K, committed 130392K, reserved 1163264K
  class space    used 14624K, capacity 15916K, committed 16768K, reserved 1048576K
Event: 3979.440 GC heap after
Heap after GC invocations=542 (full 113):
 PSYoungGen      total 116736K, used 58545K [0x00000000f5580000, 0x0000000100000000, 0x0000000100000000)
  eden space 58880K, 99% used [0x00000000f5580000,0x00000000f8eac4e0,0x00000000f8f00000)
  from space 57856K, 0% used [0x00000000f8f00000,0x00000000f8f00000,0x00000000fc780000)
  to   space 57856K, 0% used [0x00000000fc780000,0x00000000fc780000,0x0000000100000000)
 ParOldGen       total 349696K, used 349229K [0x00000000e0000000, 0x00000000f5580000, 0x00000000f5580000)
  object space 349696K, 99% used [0x00000000e0000000,0x00000000f550b728,0x00000000f5580000)
 Metaspace       used 119807K, capacity 126448K, committed 130392K, reserved 1163264K
  class space    used 14624K, capacity 15916K, committed 16768K, reserved 1048576K
}
Event: 3979.443 GC heap before
{Heap before GC invocations=543 (full 114):
 PSYoungGen      total 116736K, used 58865K [0x00000000f5580000, 0x0000000100000000, 0x0000000100000000)
  eden space 58880K, 99% used [0x00000000f5580000,0x00000000f8efc470,0x00000000f8f00000)
  from space 57856K, 0% used [0x00000000f8f00000,0x00000000f8f00000,0x00000000fc780000)
  to   space 57856K, 0% used [0x00000000fc780000,0x00000000fc780000,0x0000000100000000)
 ParOldGen       total 349696K, used 349229K [0x00000000e0000000, 0x00000000f5580000, 0x00000000f5580000)
  object space 349696K, 99% used [0x00000000e0000000,0x00000000f550b728,0x00000000f5580000)
 Metaspace       used 119851K, capacity 126454K, committed 130392K, reserved 1163264K
  class space    used 14626K, capacity 15917K, committed 16768K, reserved 1048576K
Event: 3980.236 GC heap after
Heap after GC invocations=543 (full 114):
 PSYoungGen      total 116736K, used 58616K [0x00000000f5580000, 0x0000000100000000, 0x0000000100000000)
  eden space 58880K, 99% used [0x00000000f5580000,0x00000000f8ebe0b0,0x00000000f8f00000)
  from space 57856K, 0% used [0x00000000f8f00000,0x00000000f8f00000,0x00000000fc780000)
  to   space 57856K, 0% used [0x00000000fc780000,0x00000000fc780000,0x0000000100000000)
 ParOldGen       total 349696K, used 349229K [0x00000000e0000000, 0x00000000f5580000, 0x00000000f5580000)
  object space 349696K, 99% used [0x00000000e0000000,0x00000000f550b710,0x00000000f5580000)
 Metaspace       used 119851K, capacity 126454K, committed 130392K, reserved 1163264K
  class space    used 14626K, capacity 15917K, committed 16768K, reserved 1048576K
}
Event: 3980.239 GC heap before
{Heap before GC invocations=544 (full 115):
 PSYoungGen      total 116736K, used 58860K [0x00000000f5580000, 0x0000000100000000, 0x0000000100000000)
  eden space 58880K, 99% used [0x00000000f5580000,0x00000000f8efb260,0x00000000f8f00000)
  from space 57856K, 0% used [0x00000000f8f00000,0x00000000f8f00000,0x00000000fc780000)
  to   space 57856K, 0% used [0x00000000fc780000,0x00000000fc780000,0x0000000100000000)
 ParOldGen       total 349696K, used 349229K [0x00000000e0000000, 0x00000000f5580000, 0x00000000f5580000)
  object space 349696K, 99% used [0x00000000e0000000,0x00000000f550b710,0x00000000f5580000)
 Metaspace       used 119862K, capacity 126466K, committed 130392K, reserved 1163264K
  class space    used 14628K, capacity 15919K, committed 16768K, reserved 1048576K
Event: 3981.042 GC heap after
Heap after GC invocations=544 (full 115):
 PSYoungGen      total 116736K, used 58652K [0x00000000f5580000, 0x0000000100000000, 0x0000000100000000)
  eden space 58880K, 99% used [0x00000000f5580000,0x00000000f8ec7048,0x00000000f8f00000)
  from space 57856K, 0% used [0x00000000f8f00000,0x00000000f8f00000,0x00000000fc780000)
  to   space 57856K, 0% used [0x00000000fc780000,0x00000000fc780000,0x0000000100000000)
 ParOldGen       total 349696K, used 349229K [0x00000000e0000000, 0x00000000f5580000, 0x00000000f5580000)
  object space 349696K, 99% used [0x00000000e0000000,0x00000000f550b6e0,0x00000000f5580000)
 Metaspace       used 119862K, capacity 126466K, committed 130392K, reserved 1163264K
  class space    used 14628K, capacity 15919K, committed 16768K, reserved 1048576K
}
Event: 3981.047 GC heap before
{Heap before GC invocations=545 (full 116):
 PSYoungGen      total 116736K, used 58880K [0x00000000f5580000, 0x0000000100000000, 0x0000000100000000)
  eden space 58880K, 100% used [0x00000000f5580000,0x00000000f8f00000,0x00000000f8f00000)
  from space 57856K, 0% used [0x00000000f8f00000,0x00000000f8f00000,0x00000000fc780000)
  to   space 57856K, 0% used [0x00000000fc780000,0x00000000fc780000,0x0000000100000000)
 ParOldGen       total 349696K, used 349229K [0x00000000e0000000, 0x00000000f5580000, 0x00000000f5580000)
  object space 349696K, 99% used [0x00000000e0000000,0x00000000f550b6e0,0x00000000f5580000)
 Metaspace       used 119888K, capacity 126530K, committed 130392K, reserved 1163264K
  class space    used 14634K, capacity 15919K, committed 16768K, reserved 1048576K
Event: 3981.396 GC heap after
Heap after GC invocations=545 (full 116):
 PSYoungGen      total 116736K, used 58631K [0x00000000f5580000, 0x0000000100000000, 0x0000000100000000)
  eden space 58880K, 99% used [0x00000000f5580000,0x00000000f8ec1f88,0x00000000f8f00000)
  from space 57856K, 0% used [0x00000000f8f00000,0x00000000f8f00000,0x00000000fc780000)
  to   space 57856K, 0% used [0x00000000fc780000,0x00000000fc780000,0x0000000100000000)
 ParOldGen       total 349696K, used 349229K [0x00000000e0000000, 0x00000000f5580000, 0x00000000f5580000)
  object space 349696K, 99% used [0x00000000e0000000,0x00000000f550b678,0x00000000f5580000)
 Metaspace       used 119888K, capacity 126530K, committed 130392K, reserved 1163264K
  class space    used 14634K, capacity 15919K, committed 16768K, reserved 1048576K
}
Event: 3981.440 GC heap before
{Heap before GC invocations=546 (full 117):
 PSYoungGen      total 116736K, used 58867K [0x00000000f5580000, 0x0000000100000000, 0x0000000100000000)
  eden space 58880K, 99% used [0x00000000f5580000,0x00000000f8efcd50,0x00000000f8f00000)
  from space 57856K, 0% used [0x00000000f8f00000,0x00000000f8f00000,0x00000000fc780000)
  to   space 57856K, 0% used [0x00000000fc780000,0x00000000fc780000,0x0000000100000000)
 ParOldGen       total 349696K, used 349229K [0x00000000e0000000, 0x00000000f5580000, 0x00000000f5580000)
  object space 349696K, 99% used [0x00000000e0000000,0x00000000f550b678,0x00000000f5580000)
 Metaspace       used 119888K, capacity 126530K, committed 130392K, reserved 1163264K
  class space    used 14634K, capacity 15919K, committed 16768K, reserved 1048576K
Event: 3981.799 GC heap after
Heap after GC invocations=546 (full 117):
 PSYoungGen      total 116736K, used 58700K [0x00000000f5580000, 0x0000000100000000, 0x0000000100000000)
  eden space 58880K, 99% used [0x00000000f5580000,0x00000000f8ed31f8,0x00000000f8f00000)
  from space 57856K, 0% used [0x00000000f8f00000,0x00000000f8f00000,0x00000000fc780000)
  to   space 57856K, 0% used [0x00000000fc780000,0x00000000fc780000,0x0000000100000000)
 ParOldGen       total 349696K, used 349229K [0x00000000e0000000, 0x00000000f5580000, 0x00000000f5580000)
  object space 349696K, 99% used [0x00000000e0000000,0x00000000f550b610,0x00000000f5580000)
 Metaspace       used 119888K, capacity 126530K, committed 130392K, reserved 1163264K
  class space    used 14634K, capacity 15919K, committed 16768K, reserved 1048576K
}

